This file contains any messages produced by compilers while
running configure, to aid debugging if configure makes a mistake.

ld: ERROR 33: Unresolved text symbol "sin" -- 1st referenced by conftest.o.
ld: INFO 60: Output file removed because of error.
ld: FATAL 9: I/O error (-lieee): No such file or directory
cfe: Error: configure, line 1822: 'tm_zone' undefined; reoccurrences will not be reported.
 struct tm tm; tm.tm_zone;
 ----------------^
cfe: Error: configure, line 1822: member of structure or union required
 struct tm tm; tm.tm_zone;
 -----------------^
cfe: Error: configure, line 1885: 'tm_tzadj' undefined; reoccurrences will not be reported.
 struct tm tm; tm.tm_tzadj;
 ----------------^
cfe: Error: configure, line 1885: member of structure or union required
 struct tm tm; tm.tm_tzadj;
 -----------------^
cfe: Error: configure, line 1909: 'tm_gmtoff' undefined; reoccurrences will not be reported.
 struct tm tm; tm.tm_gmtoff;
 ----------------^
cfe: Error: configure, line 1909: member of structure or union required
 struct tm tm; tm.tm_gmtoff;
 -----------------^
ld: ERROR 33: Unresolved text symbol "vfork" -- 1st referenced by conftest.o.
ld: INFO 60: Output file removed because of error.
ld: FATAL 9: I/O error (-linet): No such file or directory
cfe: Error: configure: 3103: Cannot open file net/errno.h for #include
ld: WARNING 84: /usr/lib/libdl.so is not used for resolving any symbol.
