This file contains any messages produced by compilers while
running configure, to aid debugging if configure makes a mistake.

It was created by treectrl configure 2.3, which was
generated by GNU Autoconf 2.67.  Invocation command line was

  $ ./configure 

## --------- ##
## Platform. ##
## --------- ##

hostname = potential.arl.army.mil
uname -m = x86_64
uname -r = 2.6.18-238.12.1.el5.arl
uname -s = Linux
uname -v = #1 SMP Wed Jun 1 15:08:20 EDT 2011

/usr/bin/uname -p = unknown
/bin/uname -X     = unknown

/bin/arch              = x86_64
/usr/bin/arch -k       = unknown
/usr/convex/getsysinfo = unknown
/usr/bin/hostinfo      = unknown
/bin/machine           = unknown
/usr/bin/oslevel       = unknown
/bin/universe          = unknown

PATH: /opt/meshlab/bin
PATH: /opt/cmake/bin
PATH: /home/cyapp/brlcad/brlcad-install/bin
PATH: /usr/brl/bin
PATH: /opt/krb5/bin
PATH: /usr/local/bin
PATH: /usr/ucb
PATH: /usr/pine/bin
PATH: /opt/mmdf/bin
PATH: /bin
PATH: /usr/bin
PATH: /usr/aos/bin
PATH: /usr/5bin
PATH: /usr/krb5/bin
PATH: /usr/openwin/bin
PATH: /opt/X11/bin
PATH: /usr/ccs/bin
PATH: /opt/gnu/bin
PATH: /opt/mdqs/bin
PATH: /usr/mmdf/bin
PATH: /usr/X11/bin
PATH: /usr/gnu/bin
PATH: /opt/lotus/notesr4
PATH: /home/cyapp/notesr4
PATH: /opt/lotus/bin
PATH: /opt/lotus/notes
PATH: .
PATH: .


## ----------- ##
## Core tests. ##
## ----------- ##

configure:2263: checking for correct TEA configuration
configure:2276: result: ok (TEA 3.9)
configure:2347: configuring treectrl 2.3
configure:2420: checking for Tcl configuration
configure:2539: error: Can't find Tcl configuration definitions

## ---------------- ##
## Cache variables. ##
## ---------------- ##

ac_cv_env_CC_set=
ac_cv_env_CC_value=
ac_cv_env_CFLAGS_set=
ac_cv_env_CFLAGS_value=
ac_cv_env_CPPFLAGS_set=
ac_cv_env_CPPFLAGS_value=
ac_cv_env_CPP_set=
ac_cv_env_CPP_value=
ac_cv_env_GTK_CFLAGS_set=
ac_cv_env_GTK_CFLAGS_value=
ac_cv_env_GTK_LIBS_set=
ac_cv_env_GTK_LIBS_value=
ac_cv_env_LDFLAGS_set=
ac_cv_env_LDFLAGS_value=
ac_cv_env_LIBS_set=
ac_cv_env_LIBS_value=
ac_cv_env_PKG_CONFIG_set=
ac_cv_env_PKG_CONFIG_value=
ac_cv_env_XMKMF_set=
ac_cv_env_XMKMF_value=
ac_cv_env_build_alias_set=
ac_cv_env_build_alias_value=
ac_cv_env_host_alias_set=
ac_cv_env_host_alias_value=
ac_cv_env_target_alias_set=
ac_cv_env_target_alias_value=

## ----------------- ##
## Output variables. ##
## ----------------- ##

AR=''
CC=''
CC_OBJNAME=''
CELIB_DIR=''
CFLAGS=''
CFLAGS_DEBUG=''
CFLAGS_DEFAULT=''
CFLAGS_OPTIMIZE=''
CFLAGS_WARNING=''
CLEANFILES=''
CPP=''
CPPFLAGS=''
CYGPATH='echo'
DEFS=''
DIST_WIN_MACHINE=''
DIST_WIN_THREADS=''
ECHO_C=''
ECHO_N='-n'
ECHO_T=''
EGREP=''
EXEEXT=''
GREP=''
GTK_CFLAGS=''
GTK_LIBS=''
INSTALL_DATA=''
INSTALL_PROGRAM=''
INSTALL_SCRIPT=''
LDFLAGS=''
LDFLAGS_DEFAULT=''
LD_LIBRARY_PATH_VAR=''
LIBOBJS=''
LIBS=''
LTLIBOBJS=''
MACHINE=''
MAKE_LIB=''
MAKE_SHARED_LIB=''
MAKE_STATIC_LIB=''
MAKE_STUB_LIB=''
MATH_LIBS=''
OBJEXT=''
PACKAGE_BUGREPORT=''
PACKAGE_NAME='treectrl'
PACKAGE_PATCHLEVEL='2.3.2'
PACKAGE_STRING='treectrl 2.3'
PACKAGE_TARNAME='treectrl'
PACKAGE_URL=''
PACKAGE_VERSION='2.3'
PATH_SEPARATOR=':'
PKG_CFLAGS=''
PKG_CONFIG=''
PKG_HEADERS=''
PKG_INCLUDES=''
PKG_LIBS=''
PKG_LIB_FILE=''
PKG_MANIFEST=''
PKG_OBJECTS=''
PKG_SOURCES=''
PKG_STUB_LIB_FILE=''
PKG_STUB_OBJECTS=''
PKG_STUB_SOURCES=''
PKG_TCL_SOURCES=''
RANLIB=''
RANLIB_STUB=''
RC=''
RC_DEFINE=''
RC_DEPARG=''
RC_INCLUDE=''
RC_OUT=''
RC_TYPE=''
RES=''
SET_MAKE=''
SHARED_BUILD=''
SHELL='/bin/sh'
SHLIB_CFLAGS=''
SHLIB_LD=''
SHLIB_LD_LIBS=''
STLIB_LD=''
TCLSH_PROG=''
TCL_BIN_DIR='# no Tcl configs found'
TCL_DBGX=''
TCL_DEFS=''
TCL_EXTRA_CFLAGS=''
TCL_INCLUDES=''
TCL_LD_FLAGS=''
TCL_LIBS=''
TCL_LIB_FILE=''
TCL_LIB_FLAG=''
TCL_LIB_SPEC=''
TCL_PATCH_LEVEL=''
TCL_SHLIB_LD_LIBS=''
TCL_SRC_DIR=''
TCL_STUB_LIB_FILE=''
TCL_STUB_LIB_FLAG=''
TCL_STUB_LIB_SPEC=''
TCL_THREADS=''
TCL_TOP_DIR_NATIVE=''
TCL_VERSION=''
TK_BIN_DIR=''
TK_INCLUDES=''
TK_LIBS=''
TK_LIB_FILE=''
TK_LIB_FLAG=''
TK_LIB_SPEC=''
TK_SRC_DIR=''
TK_STUB_LIB_FILE=''
TK_STUB_LIB_FLAG=''
TK_STUB_LIB_SPEC=''
TK_TOP_DIR_NATIVE=''
TK_VERSION=''
TK_XINCLUDES=''
TK_XLIB_DIR_NATIVE=''
VC_MANIFEST_EMBED_DLL=''
VC_MANIFEST_EMBED_EXE=''
WISH_PROG=''
XMKMF=''
ac_ct_CC=''
bindir='${exec_prefix}/bin'
build_alias=''
datadir='${datarootdir}'
datarootdir='${prefix}/share'
docdir='${datarootdir}/doc/${PACKAGE_TARNAME}'
dvidir='${docdir}'
exec_prefix='NONE'
host_alias=''
htmldir='${docdir}'
includedir='${prefix}/include'
infodir='${datarootdir}/info'
libdir='${exec_prefix}/lib'
libexecdir='${exec_prefix}/libexec'
localedir='${datarootdir}/locale'
localstatedir='${prefix}/var'
mandir='${datarootdir}/man'
oldincludedir='/usr/include'
pdfdir='${docdir}'
prefix='NONE'
program_transform_name='s,x,x,'
psdir='${docdir}'
sbindir='${exec_prefix}/sbin'
sharedstatedir='${prefix}/com'
subdirs=''
sysconfdir='${prefix}/etc'
target_alias=''

## ----------- ##
## confdefs.h. ##
## ----------- ##

/* confdefs.h */
#define PACKAGE_NAME "treectrl"
#define PACKAGE_TARNAME "treectrl"
#define PACKAGE_VERSION "2.3"
#define PACKAGE_STRING "treectrl 2.3"
#define PACKAGE_BUGREPORT ""
#define PACKAGE_URL ""
#define PACKAGE_PATCHLEVEL "2.3.2"

configure: exit 1
