This file contains any messages produced by compilers while
running configure, to aid debugging if configure makes a mistake.

configure:576: checking for Tcl configuration
configure:657: checking for existence of /Volumes/Oxford/BRL-CAD/brlcad/libtcl8.4/build/tclConfig.sh
configure:734: checking whether to use symlinks for manpages
configure:746: checking compression for manpages
configure:774: checking for gcc
configure:887: checking whether the C compiler (gcc  ) works
configure:903: gcc -o conftest    conftest.c  1>&5
configure:929: checking whether the C compiler (gcc  ) is a cross-compiler
configure:934: checking whether we are using GNU C
configure:943: gcc -E conftest.c
configure:962: checking whether gcc accepts -g
configure:999: checking how to run the C preprocessor
configure:1020: gcc -E  conftest.c >/dev/null 2>conftest.out
configure:1082: checking for unistd.h
configure:1092: gcc -E  conftest.c >/dev/null 2>conftest.out
configure:1082: checking for limits.h
configure:1092: gcc -E  conftest.c >/dev/null 2>conftest.out
configure:1125: checking for building with threads
configure:1575: checking if the compiler understands -pipe
configure:1586: gcc -pipe -c   conftest.c 1>&5
configure:1606: checking for required early compiler flags
configure:1620: gcc -pipe -c   conftest.c 1>&5
configure:1669: gcc -pipe -c   conftest.c 1>&5
configure: In function `main':
configure:1665: error: storage size of `buf' isn't known
configure: failed program was:
#line 1662 "configure"
#include "confdefs.h"
#include <sys/stat.h>
int main() {
struct stat64 buf; int i = stat64("/", &buf);
; return 0; }
configure:1685: gcc -pipe -c   conftest.c 1>&5
configure: In function `main':
configure:1681: error: storage size of `buf' isn't known
configure: failed program was:
#line 1677 "configure"
#include "confdefs.h"
#define _LARGEFILE64_SOURCE 1
#include <sys/stat.h>
int main() {
struct stat64 buf; int i = stat64("/", &buf);
; return 0; }
configure:1714: checking for 64-bit integer type
configure:1729: gcc -pipe -c   conftest.c 1>&5
configure: In function `main':
configure:1725: error: `__int64' undeclared (first use in this function)
configure:1725: error: (Each undeclared identifier is reported only once
configure:1725: error: for each function it appears in.)
configure:1725: error: parse error before "value"
configure: failed program was:
#line 1722 "configure"
#include "confdefs.h"

int main() {
__int64 value = (__int64) 0;
; return 0; }
configure:1752: gcc -pipe -o conftest    conftest.c  1>&5
configure:1781: checking for struct dirent64
configure:1795: gcc -pipe -c   conftest.c 1>&5
configure: In function `main':
configure:1791: error: storage size of `p' isn't known
configure: failed program was:
#line 1787 "configure"
#include "confdefs.h"
#include <sys/types.h>
#include <sys/dirent.h>
int main() {
struct dirent64 p;
; return 0; }
configure:1816: checking for struct stat64
configure:1830: gcc -pipe -c   conftest.c 1>&5
configure: In function `main':
configure:1825: error: storage size of `p' isn't known
configure: failed program was:
#line 1822 "configure"
#include "confdefs.h"
#include <sys/stat.h>
int main() {
struct stat64 p;

; return 0; }
configure:1851: checking for off64_t
configure:1865: gcc -pipe -c   conftest.c 1>&5
configure: In function `main':
configure:1860: error: `off64_t' undeclared (first use in this function)
configure:1860: error: (Each undeclared identifier is reported only once
configure:1860: error: for each function it appears in.)
configure:1860: error: parse error before "offset"
configure: failed program was:
#line 1857 "configure"
#include "confdefs.h"
#include <sys/types.h>
int main() {
off64_t offset;

; return 0; }
configure:1892: checking how to build libraries
configure:1925: checking for ranlib
configure:1957: checking if 64bit support is requested
configure:1977: checking if 64bit Sparc VIS support is requested
configure:2001: checking system version (for dynamic loading)
configure:2027: checking for dlopen in -ldl
configure:2046: gcc -pipe -o conftest    conftest.c -ldl   1>&5
configure:2094: checking for ar
configure:3419: checking for build with symbols
configure:3499: checking for sin
configure:3527: gcc -pipe -o conftest   -prebind conftest.c  -framework CoreFoundation 1>&5
configure:3511: warning: conflicting types for built-in function `sin'
configure:3548: checking for main in -lieee
configure:3563: gcc -pipe -o conftest   -prebind conftest.c -lieee   -framework CoreFoundation 1>&5
ld: can't locate file for: -lieee
configure: failed program was:
#line 3556 "configure"
#include "confdefs.h"

int main() {
main()
; return 0; }
configure:3644: checking stdlib.h
configure:3707: checking fd_set and sys/select
configure:3716: gcc -pipe -c   conftest.c 1>&5
configure:3760: checking for ANSI C header files
configure:3773: gcc -E  conftest.c >/dev/null 2>conftest.out
configure:3840: gcc -pipe -o conftest   -prebind conftest.c  -framework CoreFoundation 1>&5
configure:3864: checking for mode_t
configure:3897: checking for pid_t
configure:3930: checking for size_t
configure:3963: checking for uid_t in sys/types.h
configure:4005: checking for sys/time.h
configure:4015: gcc -E  conftest.c >/dev/null 2>conftest.out
configure:4042: checking whether time.h and sys/time.h may both be included
configure:4056: gcc -pipe -c   conftest.c 1>&5
configure:4082: checking pw_gecos in struct pwd
configure:4091: gcc -pipe -c   conftest.c 1>&5
configure:4124: checking for X
configure:4539: checking for main in -lXbsd
configure:4554: gcc -pipe -o conftest   -prebind conftest.c -lXbsd   -framework CoreFoundation 1>&5
ld: can't locate file for: -lXbsd
configure: failed program was:
#line 4547 "configure"
#include "confdefs.h"

int main() {
main()
; return 0; }
configure:4577: checking for connect
configure:4605: gcc -pipe -o conftest   -prebind conftest.c  -framework CoreFoundation 1>&5
configure:4718: checking for gethostbyname
configure:4746: gcc -pipe -o conftest   -prebind conftest.c  -framework CoreFoundation 1>&5
configure:4863: checking for sin
configure:4912: checking for main in -lieee
configure:4954: checking whether char is unsigned
configure:5026: checking for strtod
configure:5054: gcc -pipe -o conftest   -prebind conftest.c  -framework CoreFoundation 1>&5
configure:5076: checking for Solaris2.4/Tru64 strtod bugs
configure:5108: gcc -pipe -o conftest   -prebind conftest.c  -framework CoreFoundation 1>&5
